====== 启动能耗数据历史跑批诊断管道 (Batch Pipeline) ======
[11:31:50] 正在获取待处理的建筑表计任务列表...

[11:31:56] 开始分析: 建筑 [Bear_assembly_Angel] | 表计 [electricity] | 起点 [2017-12-25 23:00:00]
  -> 健康状态良好，未检出明显的长期异常。

[11:31:56] 开始分析: 建筑 [Bear_assembly_Beatrice] | 表计 [electricity] | 起点 [2017-12-31 21:00:00]
  -> 健康状态良好，未检出明显的长期异常。

[11:31:56] 开始分析: 建筑 [Bear_assembly_Danial] | 表计 [electricity] | 起点 [2017-11-05 23:00:00]
  -> 健康状态良好，未检出明显的长期异常。

[11:31:56] 开始分析: 建筑 [Bear_assembly_Diana] | 表计 [electricity] | 起点 [全量]
  -> 共检出 100 条异常事件，准备写入数据库...
  -> 写入完成！

[11:31:56] 开始分析: 建筑 [Bear_assembly_Genia] | 表计 [electricity] | 起点 [全量]
  -> 共检出 317 条异常事件，准备写入数据库...
  -> 写入完成！

[11:31:57] 开始分析: 建筑 [Bear_assembly_Harry] | 表计 [electricity] | 起点 [全量]
  -> 共检出 291 条异常事件，准备写入数据库...
  -> 写入完成！

[11:31:57] 开始分析: 建筑 [Bear_assembly_Jose] | 表计 [electricity] | 起点 [全量]
  -> 共检出 94 条异常事件，准备写入数据库...
  -> 写入完成！

[11:31:57] 开始分析: 建筑 [Bear_assembly_Roxy] | 表计 [electricity] | 起点 [全量]
  -> 共检出 568 条异常事件，准备写入数据库...
  -> 写入完成！

[11:31:57] 开始分析: 建筑 [Bear_assembly_Ruby] | 表计 [electricity] | 起点 [全量]
  -> 共检出 107 条异常事件，准备写入数据库...
  -> 写入完成！

[11:31:57] 开始分析: 建筑 [Bear_education_Alfredo] | 表计 [electricity] | 起点 [全量]
  -> 共检出 282 条异常事件，准备写入数据库...
  -> 写入完成！

[11:31:58] 开始分析: 建筑 [Bear_education_Alvaro] | 表计 [electricity] | 起点 [全量]
  -> 共检出 91 条异常事件，准备写入数据库...
  -> 写入完成！

[11:31:58] 开始分析: 建筑 [Bear_education_Arnold] | 表计 [electricity] | 起点 [全量]
  -> 共检出 674 条异常事件，准备写入数据库...
  -> 写入完成！

[11:31:58] 开始分析: 建筑 [Bear_education_Augusta] | 表计 [electricity] | 起点 [全量]
  -> 共检出 88 条异常事件，准备写入数据库...
  -> 写入完成！

[11:31:58] 开始分析: 建筑 [Bear_education_Austin] | 表计 [electricity] | 起点 [全量]
  -> 共检出 89 条异常事件，准备写入数据库...
  -> 写入完成！

[11:31:59] 开始分析: 建筑 [Bear_education_Babara] | 表计 [electricity] | 起点 [全量]
  -> 共检出 227 条异常事件，准备写入数据库...
  -> 写入完成！

[11:31:59] 开始分析: 建筑 [Bear_education_Benita] | 表计 [electricity] | 起点 [全量]
  -> 共检出 132 条异常事件，准备写入数据库...
  -> 写入完成！

[11:31:59] 开始分析: 建筑 [Bear_education_Benjamin] | 表计 [electricity] | 起点 [全量]
  -> 共检出 119 条异常事件，准备写入数据库...
  -> 写入完成！

[11:31:59] 开始分析: 建筑 [Bear_education_Bob] | 表计 [electricity] | 起点 [全量]
  -> 共检出 88 条异常事件，准备写入数据库...
  -> 写入完成！

[11:31:59] 开始分析: 建筑 [Bear_education_Bonita] | 表计 [electricity] | 起点 [全量]
  -> 共检出 546 条异常事件，准备写入数据库...
  -> 写入完成！

[11:31:59] 开始分析: 建筑 [Bear_education_Bulah] | 表计 [electricity] | 起点 [全量]
  -> 共检出 171 条异常事件，准备写入数据库...
  -> 写入完成！

[11:32:00] 开始分析: 建筑 [Bear_education_Carlo] | 表计 [electricity] | 起点 [全量]
  -> 共检出 143 条异常事件，准备写入数据库...
  -> 写入完成！

[11:32:00] 开始分析: 建筑 [Bear_education_Chad] | 表计 [electricity] | 起点 [全量]
  -> 共检出 117 条异常事件，准备写入数据库...
  -> 写入完成！

[11:32:00] 开始分析: 建筑 [Bear_education_Chana] | 表计 [electricity] | 起点 [全量]
  -> 共检出 109 条异常事件，准备写入数据库...
  -> 写入完成！

[11:32:00] 开始分析: 建筑 [Bear_education_Chun] | 表计 [electricity] | 起点 [全量]
  -> 共检出 353 条异常事件，准备写入数据库...
  -> 写入完成！

[11:32:00] 开始分析: 建筑 [Bear_education_Clint] | 表计 [electricity] | 起点 [全量]
  -> 共检出 94 条异常事件，准备写入数据库...
  -> 写入完成！

[11:32:01] 开始分析: 建筑 [Bear_education_Curtis] | 表计 [electricity] | 起点 [全量]
  -> 共检出 141 条异常事件，准备写入数据库...
  -> 写入完成！

[11:32:01] 开始分析: 建筑 [Bear_education_Danna] | 表计 [electricity] | 起点 [全量]
  -> 共检出 88 条异常事件，准备写入数据库...
  -> 写入完成！

[11:32:01] 开始分析: 建筑 [Bear_education_Darrell] | 表计 [electricity] | 起点 [全量]
  -> 共检出 88 条异常事件，准备写入数据库...
  -> 写入完成！

[11:32:01] 开始分析: 建筑 [Bear_education_Deborah] | 表计 [electricity] | 起点 [全量]
  -> 共检出 840 条异常事件，准备写入数据库...
  -> 写入完成！

[11:32:01] 开始分析: 建筑 [Bear_education_Deena] | 表计 [electricity] | 起点 [全量]
  -> 共检出 109 条异常事件，准备写入数据库...
  -> 写入完成！

[11:32:02] 开始分析: 建筑 [Bear_education_Derek] | 表计 [electricity] | 起点 [全量]
  -> 共检出 166 条异常事件，准备写入数据库...
  -> 写入完成！

[11:32:02] 开始分析: 建筑 [Bear_education_Destiny] | 表计 [electricity] | 起点 [全量]
  -> 共检出 84 条异常事件，准备写入数据库...
  -> 写入完成！

[11:32:02] 开始分析: 建筑 [Bear_education_Elise] | 表计 [electricity] | 起点 [全量]
  -> 共检出 89 条异常事件，准备写入数据库...
  -> 写入完成！

[11:32:02] 开始分析: 建筑 [Bear_education_Fannie] | 表计 [electricity] | 起点 [全量]
  -> 共检出 338 条异常事件，准备写入数据库...
  -> 写入完成！

[11:32:03] 开始分析: 建筑 [Bear_education_Gavin] | 表计 [electricity] | 起点 [全量]
  -> 共检出 94 条异常事件，准备写入数据库...
  -> 写入完成！

[11:32:03] 开始分析: 建筑 [Bear_education_Herb] | 表计 [electricity] | 起点 [全量]
  -> 共检出 89 条异常事件，准备写入数据库...
  -> 写入完成！

[11:32:03] 开始分析: 建筑 [Bear_education_Herman] | 表计 [electricity] | 起点 [全量]
  -> 共检出 163 条异常事件，准备写入数据库...
  -> 写入完成！

[11:32:03] 开始分析: 建筑 [Bear_education_Holly] | 表计 [electricity] | 起点 [全量]
  -> 共检出 327 条异常事件，准备写入数据库...
  -> 写入完成！

[11:32:03] 开始分析: 建筑 [Bear_education_Irene] | 表计 [electricity] | 起点 [全量]
  -> 共检出 110 条异常事件，准备写入数据库...
  -> 写入完成！

[11:32:04] 开始分析: 建筑 [Bear_education_Iris] | 表计 [electricity] | 起点 [全量]
  -> 共检出 91 条异常事件，准备写入数据库...
  -> 写入完成！

[11:32:04] 开始分析: 建筑 [Bear_education_Katy] | 表计 [electricity] | 起点 [全量]
  -> 共检出 249 条异常事件，准备写入数据库...
  -> 写入完成！

[11:32:04] 开始分析: 建筑 [Bear_education_Lashanda] | 表计 [electricity] | 起点 [全量]
  -> 共检出 88 条异常事件，准备写入数据库...
  -> 写入完成！

[11:32:04] 开始分析: 建筑 [Bear_education_Laurette] | 表计 [electricity] | 起点 [全量]
  -> 共检出 194 条异常事件，准备写入数据库...
  -> 写入完成！

[11:32:04] 开始分析: 建筑 [Bear_education_Leonel] | 表计 [electricity] | 起点 [全量]
  -> 共检出 88 条异常事件，准备写入数据库...
  -> 写入完成！

[11:32:05] 开始分析: 建筑 [Bear_education_Lewis] | 表计 [electricity] | 起点 [全量]
  -> 共检出 94 条异常事件，准备写入数据库...
  -> 写入完成！

[11:32:05] 开始分析: 建筑 [Bear_education_Lidia] | 表计 [electricity] | 起点 [全量]
  -> 共检出 148 条异常事件，准备写入数据库...
  -> 写入完成！

[11:32:05] 开始分析: 建筑 [Bear_education_Lila] | 表计 [electricity] | 起点 [全量]
  -> 共检出 88 条异常事件，准备写入数据库...
  -> 写入完成！

[11:32:05] 开始分析: 建筑 [Bear_education_Liliana] | 表计 [electricity] | 起点 [全量]
  -> 共检出 112 条异常事件，准备写入数据库...
  -> 写入完成！

[11:32:05] 开始分析: 建筑 [Bear_education_Lorie] | 表计 [electricity] | 起点 [全量]
  -> 共检出 165 条异常事件，准备写入数据库...
  -> 写入完成！

[11:32:06] 开始分析: 建筑 [Bear_education_Mara] | 表计 [electricity] | 起点 [全量]
  -> 共检出 207 条异常事件，准备写入数据库...
  -> 写入完成！

[11:32:06] 开始分析: 建筑 [Bear_education_Marie] | 表计 [electricity] | 起点 [全量]
  -> 共检出 88 条异常事件，准备写入数据库...
  -> 写入完成！

[11:32:06] 开始分析: 建筑 [Bear_education_Marsha] | 表计 [electricity] | 起点 [全量]
  -> 共检出 96 条异常事件，准备写入数据库...
  -> 写入完成！

[11:32:06] 开始分析: 建筑 [Bear_education_Marta] | 表计 [electricity] | 起点 [全量]
  -> 共检出 87 条异常事件，准备写入数据库...
  -> 写入完成！

[11:32:06] 开始分析: 建筑 [Bear_education_Maryjane] | 表计 [electricity] | 起点 [全量]
  -> 共检出 90 条异常事件，准备写入数据库...
  -> 写入完成！

[11:32:07] 开始分析: 建筑 [Bear_education_Merrill] | 表计 [electricity] | 起点 [全量]
  -> 共检出 348 条异常事件，准备写入数据库...
  -> 写入完成！

[11:32:07] 开始分析: 建筑 [Bear_education_Millie] | 表计 [electricity] | 起点 [全量]
  -> 共检出 357 条异常事件，准备写入数据库...
  -> 写入完成！

[11:32:07] 开始分析: 建筑 [Bear_education_Nanette] | 表计 [electricity] | 起点 [全量]
  -> 共检出 156 条异常事件，准备写入数据库...
  -> 写入完成！

[11:32:07] 开始分析: 建筑 [Bear_education_Oscar] | 表计 [electricity] | 起点 [全量]
  -> 共检出 92 条异常事件，准备写入数据库...
  -> 写入完成！

[11:32:08] 开始分析: 建筑 [Bear_education_Owen] | 表计 [electricity] | 起点 [全量]
  -> 共检出 88 条异常事件，准备写入数据库...
  -> 写入完成！

[11:32:08] 开始分析: 建筑 [Bear_education_Paola] | 表计 [electricity] | 起点 [全量]
  -> 共检出 105 条异常事件，准备写入数据库...
  -> 写入完成！

[11:32:08] 开始分析: 建筑 [Bear_education_Patricia] | 表计 [electricity] | 起点 [全量]
  -> 共检出 89 条异常事件，准备写入数据库...
  -> 写入完成！

[11:32:08] 开始分析: 建筑 [Bear_education_Pattie] | 表计 [electricity] | 起点 [全量]
  -> 共检出 147 条异常事件，准备写入数据库...
  -> 写入完成！

[11:32:08] 开始分析: 建筑 [Bear_education_Rebecca] | 表计 [electricity] | 起点 [全量]
  -> 共检出 99 条异常事件，准备写入数据库...
  -> 写入完成！

[11:32:09] 开始分析: 建筑 [Bear_education_Sandy] | 表计 [electricity] | 起点 [全量]
  -> 共检出 225 条异常事件，准备写入数据库...
  -> 写入完成！

[11:32:09] 开始分析: 建筑 [Bear_education_Santos] | 表计 [electricity] | 起点 [全量]
  -> 共检出 208 条异常事件，准备写入数据库...
  -> 写入完成！

[11:32:09] 开始分析: 建筑 [Bear_education_Sharon] | 表计 [electricity] | 起点 [全量]
  -> 共检出 101 条异常事件，准备写入数据库...
  -> 写入完成！

[11:32:09] 开始分析: 建筑 [Bear_education_Shelley] | 表计 [electricity] | 起点 [全量]
  -> 共检出 88 条异常事件，准备写入数据库...
  -> 写入完成！

[11:32:09] 开始分析: 建筑 [Bear_education_Tara] | 表计 [electricity] | 起点 [全量]
  -> 共检出 125 条异常事件，准备写入数据库...
  -> 写入完成！

[11:32:10] 开始分析: 建筑 [Bear_education_Thuy] | 表计 [electricity] | 起点 [全量]
  -> 共检出 88 条异常事件，准备写入数据库...
  -> 写入完成！

[11:32:10] 开始分析: 建筑 [Bear_education_Val] | 表计 [electricity] | 起点 [全量]
  -> 共检出 92 条异常事件，准备写入数据库...
  -> 写入完成！

[11:32:10] 开始分析: 建筑 [Bear_education_Wade] | 表计 [electricity] | 起点 [全量]
  -> 共检出 110 条异常事件，准备写入数据库...
  -> 写入完成！

[11:32:10] 开始分析: 建筑 [Bear_education_Wilton] | 表计 [electricity] | 起点 [全量]
  -> 共检出 185 条异常事件，准备写入数据库...
  -> 写入完成！

[11:32:10] 开始分析: 建筑 [Bear_education_Wm] | 表计 [electricity] | 起点 [全量]
  -> 共检出 99 条异常事件，准备写入数据库...
  -> 写入完成！

[11:32:11] 开始分析: 建筑 [Bear_education_Yuri] | 表计 [electricity] | 起点 [全量]
  -> 共检出 89 条异常事件，准备写入数据库...
  -> 写入完成！

[11:32:11] 开始分析: 建筑 [Bear_education_Yvette] | 表计 [electricity] | 起点 [全量]
  -> 共检出 191 条异常事件，准备写入数据库...
  -> 写入完成！

[11:32:11] 开始分析: 建筑 [Bear_education_Zandra] | 表计 [electricity] | 起点 [全量]
  -> 共检出 166 条异常事件，准备写入数据库...
  -> 写入完成！

[11:32:11] 开始分析: 建筑 [Bear_lodging_Dannie] | 表计 [electricity] | 起点 [全量]
  -> 共检出 173 条异常事件，准备写入数据库...
  -> 写入完成！

[11:32:11] 开始分析: 建筑 [Bear_lodging_Erick] | 表计 [electricity] | 起点 [全量]
  -> 共检出 144 条异常事件，准备写入数据库...
  -> 写入完成！

[11:32:12] 开始分析: 建筑 [Bear_lodging_Esperanza] | 表计 [electricity] | 起点 [全量]
  -> 共检出 94 条异常事件，准备写入数据库...
  -> 写入完成！

[11:32:12] 开始分析: 建筑 [Bear_lodging_Evan] | 表计 [electricity] | 起点 [全量]
  -> 共检出 89 条异常事件，准备写入数据库...
  -> 写入完成！

[11:32:12] 开始分析: 建筑 [Bear_parking_Bridget] | 表计 [electricity] | 起点 [全量]
  -> 共检出 165 条异常事件，准备写入数据库...
  -> 写入完成！

[11:32:12] 开始分析: 建筑 [Bear_parking_Bruce] | 表计 [electricity] | 起点 [全量]
  -> 共检出 127 条异常事件，准备写入数据库...
  -> 写入完成！

[11:32:12] 开始分析: 建筑 [Bear_parking_Gordon] | 表计 [electricity] | 起点 [全量]
  -> 共检出 89 条异常事件，准备写入数据库...
  -> 写入完成！

[11:32:13] 开始分析: 建筑 [Bear_public_Arlean] | 表计 [electricity] | 起点 [全量]
  -> 共检出 332 条异常事件，准备写入数据库...
  -> 写入完成！

[11:32:13] 开始分析: 建筑 [Bear_public_Jocelyn] | 表计 [electricity] | 起点 [全量]
  -> 共检出 91 条异常事件，准备写入数据库...
  -> 写入完成！

[11:32:13] 开始分析: 建筑 [Bear_public_Lowell] | 表计 [electricity] | 起点 [全量]
  -> 共检出 98 条异常事件，准备写入数据库...
  -> 写入完成！

[11:32:13] 开始分析: 建筑 [Bear_public_Orville] | 表计 [electricity] | 起点 [全量]
  -> 共检出 92 条异常事件，准备写入数据库...
  -> 写入完成！

[11:32:13] 开始分析: 建筑 [Bear_public_Rayna] | 表计 [electricity] | 起点 [全量]
  -> 共检出 87 条异常事件，准备写入数据库...
  -> 写入完成！

[11:32:14] 开始分析: 建筑 [Bear_public_Valorie] | 表计 [electricity] | 起点 [全量]
  -> 共检出 87 条异常事件，准备写入数据库...
  -> 写入完成！

[11:32:14] 开始分析: 建筑 [Bear_science_Alison] | 表计 [electricity] | 起点 [全量]
  -> 共检出 330 条异常事件，准备写入数据库...
  -> 写入完成！

[11:32:14] 开始分析: 建筑 [Bear_science_Eleanor] | 表计 [electricity] | 起点 [全量]
  -> 共检出 258 条异常事件，准备写入数据库...
  -> 写入完成！

[11:32:14] 开始分析: 建筑 [Bear_utility_Sidney] | 表计 [electricity] | 起点 [全量]
  -> 共检出 136 条异常事件，准备写入数据库...
  -> 写入完成！

[11:32:14] 开始分析: 建筑 [Bobcat_assembly_Adam] | 表计 [chilledwater] | 起点 [全量]
  -> 共检出 112 条异常事件，准备写入数据库...
  -> 写入完成！

[11:32:14] 开始分析: 建筑 [Bobcat_assembly_Adam] | 表计 [electricity] | 起点 [全量]
  -> 共检出 132 条异常事件，准备写入数据库...
  -> 写入完成！

[11:32:15] 开始分析: 建筑 [Bobcat_assembly_Adam] | 表计 [water] | 起点 [全量]
  -> 共检出 95 条异常事件，准备写入数据库...
  -> 写入完成！

[11:32:15] 开始分析: 建筑 [Bobcat_assembly_Billy] | 表计 [chilledwater] | 起点 [全量]
  -> 共检出 107 条异常事件，准备写入数据库...
  -> 写入完成！

[11:32:15] 开始分析: 建筑 [Bobcat_assembly_Billy] | 表计 [electricity] | 起点 [全量]
  -> 共检出 98 条异常事件，准备写入数据库...
  -> 写入完成！

[11:32:15] 开始分析: 建筑 [Bobcat_assembly_Billy] | 表计 [hotwater] | 起点 [全量]
  -> 共检出 92 条异常事件，准备写入数据库...
  -> 写入完成！

[11:32:15] 开始分析: 建筑 [Bobcat_assembly_Billy] | 表计 [water] | 起点 [全量]
  -> 共检出 178 条异常事件，准备写入数据库...
  -> 写入完成！

[11:32:16] 开始分析: 建筑 [Bobcat_assembly_Camilla] | 表计 [chilledwater] | 起点 [全量]
  -> 共检出 17 条异常事件，准备写入数据库...
  -> 写入完成！

[11:32:16] 开始分析: 建筑 [Bobcat_assembly_Camilla] | 表计 [electricity] | 起点 [全量]
  -> 共检出 217 条异常事件，准备写入数据库...
  -> 写入完成！

[11:32:16] 开始分析: 建筑 [Bobcat_assembly_Camilla] | 表计 [hotwater] | 起点 [全量]
  -> 共检出 69 条异常事件，准备写入数据库...
  -> 写入完成！

[11:32:16] 开始分析: 建筑 [Bobcat_assembly_Camilla] | 表计 [water] | 起点 [全量]
  -> 共检出 112 条异常事件，准备写入数据库...
  -> 写入完成！

[11:32:16] 开始分析: 建筑 [Bobcat_assembly_Franklin] | 表计 [electricity] | 起点 [全量]
  -> 共检出 210 条异常事件，准备写入数据库...
  -> 写入完成！

[11:32:16] 开始分析: 建筑 [Bobcat_assembly_Franklin] | 表计 [gas] | 起点 [全量]
  -> 共检出 241 条异常事件，准备写入数据库...
  -> 写入完成！

[11:32:17] 开始分析: 建筑 [Bobcat_assembly_Franklin] | 表计 [water] | 起点 [全量]
  -> 共检出 305 条异常事件，准备写入数据库...
  -> 写入完成！

[11:32:17] 开始分析: 建筑 [Bobcat_education_Alissa] | 表计 [chilledwater] | 起点 [全量]
  -> 共检出 148 条异常事件，准备写入数据库...
  -> 写入完成！

[11:32:17] 开始分析: 建筑 [Bobcat_education_Alissa] | 表计 [electricity] | 起点 [全量]
  -> 共检出 89 条异常事件，准备写入数据库...
  -> 写入完成！

[11:32:17] 开始分析: 建筑 [Bobcat_education_Alissa] | 表计 [gas] | 起点 [全量]
  -> 共检出 368 条异常事件，准备写入数据库...
  -> 写入完成！

[11:32:18] 开始分析: 建筑 [Bobcat_education_Alissa] | 表计 [hotwater] | 起点 [全量]
  -> 共检出 157 条异常事件，准备写入数据库...
  -> 写入完成！

[11:32:18] 开始分析: 建筑 [Bobcat_education_Alissa] | 表计 [solar] | 起点 [全量]
  -> 共检出 119 条异常事件，准备写入数据库...
  -> 写入完成！

[11:32:18] 开始分析: 建筑 [Bobcat_education_Angela] | 表计 [chilledwater] | 起点 [全量]
  -> 共检出 266 条异常事件，准备写入数据库...
  -> 写入完成！

[11:32:18] 开始分析: 建筑 [Bobcat_education_Angela] | 表计 [electricity] | 起点 [全量]
  -> 共检出 151 条异常事件，准备写入数据库...
  -> 写入完成！

[11:32:18] 开始分析: 建筑 [Bobcat_education_Angela] | 表计 [hotwater] | 起点 [全量]
  -> 共检出 264 条异常事件，准备写入数据库...
  -> 写入完成！

[11:32:18] 开始分析: 建筑 [Bobcat_education_Angela] | 表计 [water] | 起点 [全量]
  -> 共检出 90 条异常事件，准备写入数据库...
  -> 写入完成！

[11:32:19] 开始分析: 建筑 [Bobcat_education_Barbra] | 表计 [electricity] | 起点 [全量]
  -> 共检出 1 条异常事件，准备写入数据库...
  -> 写入完成！

[11:32:19] 开始分析: 建筑 [Bobcat_education_Coleman] | 表计 [electricity] | 起点 [全量]
  -> 共检出 98 条异常事件，准备写入数据库...
  -> 写入完成！

[11:32:19] 开始分析: 建筑 [Bobcat_education_Coleman] | 表计 [solar] | 起点 [全量]
  -> 共检出 72 条异常事件，准备写入数据库...
  -> 写入完成！

[11:32:19] 开始分析: 建筑 [Bobcat_education_Coleman] | 表计 [water] | 起点 [全量]
  -> 共检出 85 条异常事件，准备写入数据库...
  -> 写入完成！

[11:32:19] 开始分析: 建筑 [Bobcat_education_Dylan] | 表计 [chilledwater] | 起点 [全量]
  -> 共检出 116 条异常事件，准备写入数据库...
  -> 写入完成！

[11:32:19] 开始分析: 建筑 [Bobcat_education_Dylan] | 表计 [electricity] | 起点 [全量]
  -> 共检出 90 条异常事件，准备写入数据库...
  -> 写入完成！

[11:32:20] 开始分析: 建筑 [Bobcat_education_Dylan] | 表计 [hotwater] | 起点 [全量]
  -> 共检出 78 条异常事件，准备写入数据库...
  -> 写入完成！

[11:32:20] 开始分析: 建筑 [Bobcat_education_Dylan] | 表计 [solar] | 起点 [全量]
  -> 共检出 80 条异常事件，准备写入数据库...
  -> 写入完成！

[11:32:20] 开始分析: 建筑 [Bobcat_education_Dylan] | 表计 [water] | 起点 [全量]
  -> 共检出 74 条异常事件，准备写入数据库...
  -> 写入完成！

[11:32:20] 开始分析: 建筑 [Bobcat_education_Emile] | 表计 [chilledwater] | 起点 [全量]
  -> 共检出 49 条异常事件，准备写入数据库...
  -> 写入完成！

[11:32:20] 开始分析: 建筑 [Bobcat_education_Emile] | 表计 [electricity] | 起点 [全量]
  -> 共检出 46 条异常事件，准备写入数据库...
  -> 写入完成！

[11:32:20] 开始分析: 建筑 [Bobcat_education_Emile] | 表计 [hotwater] | 起点 [全量]
  -> 共检出 47 条异常事件，准备写入数据库...
  -> 写入完成！

[11:32:20] 开始分析: 建筑 [Bobcat_education_Emile] | 表计 [water] | 起点 [全量]
  -> 共检出 98 条异常事件，准备写入数据库...
  -> 写入完成！

[11:32:20] 开始分析: 建筑 [Bobcat_education_Hollis] | 表计 [electricity] | 起点 [全量]
  -> 共检出 105 条异常事件，准备写入数据库...
  -> 写入完成！

[11:32:21] 开始分析: 建筑 [Bobcat_education_Jayne] | 表计 [chilledwater] | 起点 [全量]
  -> 共检出 108 条异常事件，准备写入数据库...
  -> 写入完成！

[11:32:21] 开始分析: 建筑 [Bobcat_education_Jayne] | 表计 [electricity] | 起点 [全量]
  -> 共检出 84 条异常事件，准备写入数据库...
  -> 写入完成！

[11:32:21] 开始分析: 建筑 [Bobcat_education_Karin] | 表计 [chilledwater] | 起点 [全量]
  -> 共检出 28 条异常事件，准备写入数据库...
  -> 写入完成！

[11:32:21] 开始分析: 建筑 [Bobcat_education_Karin] | 表计 [electricity] | 起点 [全量]
  -> 共检出 74 条异常事件，准备写入数据库...
  -> 写入完成！

[11:32:21] 开始分析: 建筑 [Bobcat_education_Karin] | 表计 [hotwater] | 起点 [全量]
  -> 共检出 310 条异常事件，准备写入数据库...
  -> 写入完成！

[11:32:21] 开始分析: 建筑 [Bobcat_education_Karin] | 表计 [water] | 起点 [全量]
  -> 共检出 162 条异常事件，准备写入数据库...
  -> 写入完成！

[11:32:21] 开始分析: 建筑 [Bobcat_education_Marisha] | 表计 [chilledwater] | 起点 [全量]
  -> 共检出 23 条异常事件，准备写入数据库...
  -> 写入完成！

[11:32:22] 开始分析: 建筑 [Bobcat_education_Marisha] | 表计 [electricity] | 起点 [全量]
  -> 共检出 99 条异常事件，准备写入数据库...
  -> 写入完成！

[11:32:22] 开始分析: 建筑 [Bobcat_education_Marisha] | 表计 [hotwater] | 起点 [全量]
  -> 共检出 83 条异常事件，准备写入数据库...
  -> 写入完成！

[11:32:22] 开始分析: 建筑 [Bobcat_education_Marisha] | 表计 [water] | 起点 [全量]
  -> 共检出 330 条异常事件，准备写入数据库...
  -> 写入完成！

[11:32:22] 开始分析: 建筑 [Bobcat_education_Miki] | 表计 [chilledwater] | 起点 [全量]
  -> 共检出 71 条异常事件，准备写入数据库...
  -> 写入完成！

[11:32:22] 开始分析: 建筑 [Bobcat_education_Miki] | 表计 [electricity] | 起点 [全量]
  -> 共检出 95 条异常事件，准备写入数据库...
  -> 写入完成！

[11:32:22] 开始分析: 建筑 [Bobcat_education_Miki] | 表计 [hotwater] | 起点 [全量]
  -> 共检出 363 条异常事件，准备写入数据库...
  -> 写入完成！

[11:32:23] 开始分析: 建筑 [Bobcat_education_Miki] | 表计 [water] | 起点 [全量]
  -> 共检出 55 条异常事件，准备写入数据库...
  -> 写入完成！

[11:32:23] 开始分析: 建筑 [Bobcat_education_Monte] | 表计 [chilledwater] | 起点 [全量]
  -> 共检出 27 条异常事件，准备写入数据库...
  -> 写入完成！

[11:32:23] 开始分析: 建筑 [Bobcat_education_Monte] | 表计 [electricity] | 起点 [全量]
  -> 共检出 96 条异常事件，准备写入数据库...
  -> 写入完成！

[11:32:23] 开始分析: 建筑 [Bobcat_education_Monte] | 表计 [hotwater] | 起点 [全量]
  -> 共检出 171 条异常事件，准备写入数据库...
  -> 写入完成！

[11:32:23] 开始分析: 建筑 [Bobcat_education_Monte] | 表计 [water] | 起点 [全量]
  -> 共检出 328 条异常事件，准备写入数据库...
  -> 写入完成！

[11:32:23] 开始分析: 建筑 [Bobcat_education_Rafael] | 表计 [gas] | 起点 [全量]
  -> 共检出 448 条异常事件，准备写入数据库...
  -> 写入完成！

[11:32:24] 开始分析: 建筑 [Bobcat_education_Rodrick] | 表计 [electricity] | 起点 [全量]
  -> 共检出 28 条异常事件，准备写入数据库...
  -> 写入完成！

[11:32:24] 开始分析: 建筑 [Bobcat_education_Rodrick] | 表计 [hotwater] | 起点 [全量]
  -> 共检出 336 条异常事件，准备写入数据库...
  -> 写入完成！

[11:32:24] 开始分析: 建筑 [Bobcat_education_Rodrick] | 表计 [water] | 起点 [全量]
  -> 数据量过少，跳过检测

[11:32:24] 开始分析: 建筑 [Bobcat_education_Rosalva] | 表计 [chilledwater] | 起点 [全量]
  -> 共检出 88 条异常事件，准备写入数据库...
  -> 写入完成！

[11:32:24] 开始分析: 建筑 [Bobcat_education_Rosalva] | 表计 [electricity] | 起点 [全量]
  -> 共检出 76 条异常事件，准备写入数据库...
  -> 写入完成！

[11:32:24] 开始分析: 建筑 [Bobcat_education_Rosalva] | 表计 [hotwater] | 起点 [全量]
  -> 共检出 129 条异常事件，准备写入数据库...
  -> 写入完成！

[11:32:24] 开始分析: 建筑 [Bobcat_education_Rosalva] | 表计 [water] | 起点 [全量]
  -> 共检出 126 条异常事件，准备写入数据库...
  -> 写入完成！

[11:32:25] 开始分析: 建筑 [Bobcat_education_Seth] | 表计 [chilledwater] | 起点 [全量]
  -> 共检出 7 条异常事件，准备写入数据库...
  -> 写入完成！

[11:32:25] 开始分析: 建筑 [Bobcat_education_Seth] | 表计 [electricity] | 起点 [全量]
  -> 共检出 9 条异常事件，准备写入数据库...
  -> 写入完成！

[11:32:25] 开始分析: 建筑 [Bobcat_education_Seth] | 表计 [gas] | 起点 [全量]
  -> 共检出 27 条异常事件，准备写入数据库...
  -> 写入完成！

[11:32:25] 开始分析: 建筑 [Bobcat_education_Seth] | 表计 [hotwater] | 起点 [全量]
  -> 共检出 7 条异常事件，准备写入数据库...
  -> 写入完成！

[11:32:25] 开始分析: 建筑 [Bobcat_education_Seth] | 表计 [water] | 起点 [全量]
  -> 共检出 7 条异常事件，准备写入数据库...
  -> 写入完成！

[11:32:25] 开始分析: 建筑 [Bobcat_education_Toni] | 表计 [chilledwater] | 起点 [全量]
  -> 共检出 80 条异常事件，准备写入数据库...
  -> 写入完成！

[11:32:25] 开始分析: 建筑 [Bobcat_education_Toni] | 表计 [electricity] | 起点 [全量]
  -> 共检出 87 条异常事件，准备写入数据库...
  -> 写入完成！

[11:32:25] 开始分析: 建筑 [Bobcat_education_Toni] | 表计 [hotwater] | 起点 [全量]
  -> 共检出 311 条异常事件，准备写入数据库...
  -> 写入完成！

[11:32:25] 开始分析: 建筑 [Bobcat_education_Toni] | 表计 [water] | 起点 [全量]
  -> 共检出 299 条异常事件，准备写入数据库...
  -> 写入完成！

[11:32:26] 开始分析: 建筑 [Bobcat_education_Whitney] | 表计 [chilledwater] | 起点 [全量]
  -> 数据量过少，跳过检测

[11:32:26] 开始分析: 建筑 [Bobcat_education_Whitney] | 表计 [electricity] | 起点 [全量]
  -> 共检出 95 条异常事件，准备写入数据库...
  -> 写入完成！

[11:32:26] 开始分析: 建筑 [Bobcat_education_Whitney] | 表计 [water] | 起点 [全量]
  -> 共检出 86 条异常事件，准备写入数据库...
  -> 写入完成！

[11:32:26] 开始分析: 建筑 [Bobcat_lodging_Darin] | 表计 [electricity] | 起点 [全量]
  -> 共检出 256 条异常事件，准备写入数据库...
  -> 写入完成！

[11:32:26] 开始分析: 建筑 [Bobcat_lodging_Darin] | 表计 [gas] | 起点 [全量]
  -> 共检出 16 条异常事件，准备写入数据库...
  -> 写入完成！

[11:32:26] 开始分析: 建筑 [Bobcat_lodging_Darin] | 表计 [water] | 起点 [全量]
  -> 共检出 90 条异常事件，准备写入数据库...
  -> 写入完成！

[11:32:26] 开始分析: 建筑 [Bobcat_lodging_Melaine] | 表计 [electricity] | 起点 [全量]
  -> 共检出 172 条异常事件，准备写入数据库...
  -> 写入完成！

[11:32:27] 开始分析: 建筑 [Bobcat_lodging_Melaine] | 表计 [gas] | 起点 [全量]
  -> 共检出 11 条异常事件，准备写入数据库...
  -> 写入完成！

[11:32:27] 开始分析: 建筑 [Bobcat_lodging_Melaine] | 表计 [water] | 起点 [全量]
  -> 共检出 202 条异常事件，准备写入数据库...
  -> 写入完成！

[11:32:27] 开始分析: 建筑 [Bobcat_lodging_Nickolas] | 表计 [electricity] | 起点 [全量]
  -> 共检出 93 条异常事件，准备写入数据库...
  -> 写入完成！

[11:32:27] 开始分析: 建筑 [Bobcat_lodging_Nickolas] | 表计 [water] | 起点 [全量]
  -> 共检出 99 条异常事件，准备写入数据库...
  -> 写入完成！

[11:32:27] 开始分析: 建筑 [Bobcat_office_Alma] | 表计 [electricity] | 起点 [全量]
  -> 共检出 320 条异常事件，准备写入数据库...
  -> 写入完成！

[11:32:28] 开始分析: 建筑 [Bobcat_office_Justine] | 表计 [electricity] | 起点 [全量]
  -> 共检出 108 条异常事件，准备写入数据库...
  -> 写入完成！

[11:32:28] 开始分析: 建筑 [Bobcat_office_Justine] | 表计 [gas] | 起点 [全量]
  -> 共检出 72 条异常事件，准备写入数据库...
  -> 写入完成！

[11:32:28] 开始分析: 建筑 [Bobcat_office_Justine] | 表计 [water] | 起点 [全量]
  -> 共检出 374 条异常事件，准备写入数据库...
  -> 写入完成！

[11:32:28] 开始分析: 建筑 [Bobcat_office_Kassandra] | 表计 [chilledwater] | 起点 [全量]
  -> 共检出 44 条异常事件，准备写入数据库...
  -> 写入完成！

[11:32:28] 开始分析: 建筑 [Bobcat_office_Kassandra] | 表计 [electricity] | 起点 [全量]
  -> 共检出 103 条异常事件，准备写入数据库...
  -> 写入完成！

[11:32:28] 开始分析: 建筑 [Bobcat_office_Kassandra] | 表计 [water] | 起点 [全量]
  -> 共检出 20 条异常事件，准备写入数据库...
  -> 写入完成！

[11:32:28] 开始分析: 建筑 [Bobcat_office_Melody] | 表计 [electricity] | 起点 [全量]
  -> 共检出 83 条异常事件，准备写入数据库...
  -> 写入完成！

[11:32:29] 开始分析: 建筑 [Bobcat_office_Nikita] | 表计 [electricity] | 起点 [全量]
  -> 共检出 203 条异常事件，准备写入数据库...
  -> 写入完成！

[11:32:29] 开始分析: 建筑 [Bobcat_office_Nikita] | 表计 [gas] | 起点 [全量]
  -> 共检出 374 条异常事件，准备写入数据库...
  -> 写入完成！

[11:32:29] 开始分析: 建筑 [Bobcat_office_Nikita] | 表计 [water] | 起点 [全量]
  -> 共检出 107 条异常事件，准备写入数据库...
  -> 写入完成！

[11:32:29] 开始分析: 建筑 [Bobcat_other_Howard] | 表计 [chilledwater] | 起点 [全量]
  -> 共检出 301 条异常事件，准备写入数据库...
  -> 写入完成！

[11:32:29] 开始分析: 建筑 [Bobcat_other_Howard] | 表计 [electricity] | 起点 [全量]
  -> 共检出 305 条异常事件，准备写入数据库...
  -> 写入完成！

[11:32:30] 开始分析: 建筑 [Bobcat_other_Howard] | 表计 [water] | 起点 [全量]
  -> 共检出 166 条异常事件，准备写入数据库...
  -> 写入完成！

[11:32:30] 开始分析: 建筑 [Bobcat_other_Jovita] | 表计 [chilledwater] | 起点 [全量]
  -> 共检出 104 条异常事件，准备写入数据库...
  -> 写入完成！

[11:32:30] 开始分析: 建筑 [Bobcat_other_Jovita] | 表计 [electricity] | 起点 [全量]
  -> 共检出 133 条异常事件，准备写入数据库...
  -> 写入完成！

[11:32:30] 开始分析: 建筑 [Bobcat_other_Jovita] | 表计 [water] | 起点 [全量]
  -> 共检出 301 条异常事件，准备写入数据库...
  -> 写入完成！

[11:32:31] 开始分析: 建筑 [Bobcat_other_Timothy] | 表计 [electricity] | 起点 [全量]
  -> 共检出 93 条异常事件，准备写入数据库...
  -> 写入完成！

[11:32:31] 开始分析: 建筑 [Bobcat_other_Timothy] | 表计 [solar] | 起点 [全量]
  -> 共检出 86 条异常事件，准备写入数据库...
  -> 写入完成！

[11:32:31] 开始分析: 建筑 [Bobcat_other_Timothy] | 表计 [water] | 起点 [全量]
  -> 共检出 493 条异常事件，准备写入数据库...
  -> 写入完成！

[11:32:31] 开始分析: 建筑 [Bobcat_public_Angie] | 表计 [chilledwater] | 起点 [全量]
  -> 数据量过少，跳过检测

[11:32:31] 开始分析: 建筑 [Bobcat_public_Angie] | 表计 [electricity] | 起点 [全量]
  -> 共检出 16 条异常事件，准备写入数据库...
  -> 写入完成！

[11:32:31] 开始分析: 建筑 [Bobcat_public_Angie] | 表计 [hotwater] | 起点 [全量]
  -> 共检出 138 条异常事件，准备写入数据库...
  -> 写入完成！

[11:32:31] 开始分析: 建筑 [Bobcat_public_Angie] | 表计 [water] | 起点 [全量]
  -> 共检出 9 条异常事件，准备写入数据库...
  -> 写入完成！

[11:32:31] 开始分析: 建筑 [Bobcat_science_Tammy] | 表计 [chilledwater] | 起点 [全量]
  -> 共检出 53 条异常事件，准备写入数据库...
  -> 写入完成！

[11:32:32] 开始分析: 建筑 [Bobcat_science_Tammy] | 表计 [electricity] | 起点 [全量]
  -> 共检出 132 条异常事件，准备写入数据库...
  -> 写入完成！

[11:32:32] 开始分析: 建筑 [Bobcat_science_Tammy] | 表计 [hotwater] | 起点 [全量]
  -> 共检出 114 条异常事件，准备写入数据库...
  -> 写入完成！

[11:32:32] 开始分析: 建筑 [Bobcat_science_Tammy] | 表计 [water] | 起点 [全量]
  -> 数据量过少，跳过检测

[11:32:32] 开始分析: 建筑 [Bobcat_warehouse_Charlie] | 表计 [electricity] | 起点 [全量]
  -> 共检出 34 条异常事件，准备写入数据库...
  -> 写入完成！

[11:32:32] 开始分析: 建筑 [Bull_assembly_Amalia] | 表计 [chilledwater] | 起点 [全量]
  -> 共检出 90 条异常事件，准备写入数据库...
  -> 写入完成！

[11:32:32] 开始分析: 建筑 [Bull_assembly_Amalia] | 表计 [electricity] | 起点 [全量]
  -> 共检出 136 条异常事件，准备写入数据库...
  -> 写入完成！

[11:32:33] 开始分析: 建筑 [Bull_assembly_Amalia] | 表计 [steam] | 起点 [全量]
  -> 共检出 149 条异常事件，准备写入数据库...
  -> 写入完成！

[11:32:33] 开始分析: 建筑 [Bull_assembly_Beau] | 表计 [chilledwater] | 起点 [全量]
  -> 共检出 242 条异常事件，准备写入数据库...
  -> 写入完成！

[11:32:33] 开始分析: 建筑 [Bull_assembly_Beau] | 表计 [electricity] | 起点 [全量]
  -> 共检出 417 条异常事件，准备写入数据库...
  -> 写入完成！

[11:32:34] 开始分析: 建筑 [Bull_assembly_Beau] | 表计 [steam] | 起点 [全量]
  -> 共检出 280 条异常事件，准备写入数据库...
  -> 写入完成！

[11:32:34] 开始分析: 建筑 [Bull_assembly_Brandon] | 表计 [chilledwater] | 起点 [全量]
  -> 共检出 89 条异常事件，准备写入数据库...
  -> 写入完成！

[11:32:34] 开始分析: 建筑 [Bull_assembly_Brandon] | 表计 [electricity] | 起点 [全量]
  -> 共检出 268 条异常事件，准备写入数据库...
  -> 写入完成！

[11:32:34] 开始分析: 建筑 [Bull_assembly_Brandon] | 表计 [steam] | 起点 [全量]
  -> 共检出 144 条异常事件，准备写入数据库...
  -> 写入完成！

[11:32:35] 开始分析: 建筑 [Bull_assembly_Daryl] | 表计 [electricity] | 起点 [全量]
  -> 共检出 442 条异常事件，准备写入数据库...
  -> 写入完成！

[11:32:35] 开始分析: 建筑 [Bull_assembly_Dorethea] | 表计 [chilledwater] | 起点 [全量]
  -> 共检出 96 条异常事件，准备写入数据库...
  -> 写入完成！

[11:32:35] 开始分析: 建筑 [Bull_assembly_Dorethea] | 表计 [electricity] | 起点 [全量]
  -> 共检出 108 条异常事件，准备写入数据库...
  -> 写入完成！

[11:32:36] 开始分析: 建筑 [Bull_assembly_Dorethea] | 表计 [steam] | 起点 [全量]
  -> 共检出 92 条异常事件，准备写入数据库...
  -> 写入完成！

[11:32:36] 开始分析: 建筑 [Bull_assembly_Freda] | 表计 [chilledwater] | 起点 [全量]
  -> 共检出 93 条异常事件，准备写入数据库...
  -> 写入完成！

[11:32:36] 开始分析: 建筑 [Bull_assembly_Freda] | 表计 [steam] | 起点 [全量]
  -> 共检出 89 条异常事件，准备写入数据库...
  -> 写入完成！

[11:32:36] 开始分析: 建筑 [Bull_assembly_Freddie] | 表计 [chilledwater] | 起点 [全量]
  -> 共检出 271 条异常事件，准备写入数据库...
  -> 写入完成！

[11:32:37] 开始分析: 建筑 [Bull_assembly_Freddie] | 表计 [electricity] | 起点 [全量]
  -> 共检出 108 条异常事件，准备写入数据库...
  -> 写入完成！

[11:32:37] 开始分析: 建筑 [Bull_assembly_Freddie] | 表计 [steam] | 起点 [全量]
  -> 共检出 113 条异常事件，准备写入数据库...
  -> 写入完成！

[11:32:37] 开始分析: 建筑 [Bull_assembly_Gerri] | 表计 [chilledwater] | 起点 [全量]
  -> 共检出 93 条异常事件，准备写入数据库...
  -> 写入完成！

[11:32:37] 开始分析: 建筑 [Bull_assembly_Gerri] | 表计 [electricity] | 起点 [全量]
  -> 共检出 103 条异常事件，准备写入数据库...
  -> 写入完成！

[11:32:38] 开始分析: 建筑 [Bull_assembly_Gerri] | 表计 [steam] | 起点 [全量]
  -> 共检出 194 条异常事件，准备写入数据库...
  -> 写入完成！

[11:32:38] 开始分析: 建筑 [Bull_assembly_Gigi] | 表计 [chilledwater] | 起点 [全量]
  -> 共检出 109 条异常事件，准备写入数据库...
  -> 写入完成！

[11:32:38] 开始分析: 建筑 [Bull_assembly_Gigi] | 表计 [electricity] | 起点 [全量]
  -> 共检出 197 条异常事件，准备写入数据库...
  -> 写入完成！

[11:32:38] 开始分析: 建筑 [Bull_assembly_Goldie] | 表计 [chilledwater] | 起点 [全量]
  -> 共检出 91 条异常事件，准备写入数据库...
  -> 写入完成！

[11:32:38] 开始分析: 建筑 [Bull_assembly_Goldie] | 表计 [electricity] | 起点 [全量]
  -> 共检出 109 条异常事件，准备写入数据库...
  -> 写入完成！

[11:32:39] 开始分析: 建筑 [Bull_assembly_Goldie] | 表计 [steam] | 起点 [全量]
  -> 共检出 153 条异常事件，准备写入数据库...
  -> 写入完成！

[11:32:39] 开始分析: 建筑 [Bull_assembly_Katia] | 表计 [electricity] | 起点 [全量]
  -> 共检出 488 条异常事件，准备写入数据库...
  -> 写入完成！

[11:32:39] 开始分析: 建筑 [Bull_assembly_Lance] | 表计 [chilledwater] | 起点 [全量]
  -> 共检出 90 条异常事件，准备写入数据库...
  -> 写入完成！

[11:32:39] 开始分析: 建筑 [Bull_assembly_Lance] | 表计 [electricity] | 起点 [全量]
  -> 共检出 107 条异常事件，准备写入数据库...
  -> 写入完成！

[11:32:40] 开始分析: 建筑 [Bull_assembly_Lance] | 表计 [steam] | 起点 [全量]
  -> 共检出 114 条异常事件，准备写入数据库...
  -> 写入完成！

[11:32:40] 开始分析: 建筑 [Bull_assembly_Lesa] | 表计 [chilledwater] | 起点 [全量]
  -> 共检出 89 条异常事件，准备写入数据库...
  -> 写入完成！

[11:32:40] 开始分析: 建筑 [Bull_assembly_Lesa] | 表计 [electricity] | 起点 [全量]
  -> 共检出 138 条异常事件，准备写入数据库...
  -> 写入完成！

[11:32:40] 开始分析: 建筑 [Bull_assembly_Lesa] | 表计 [steam] | 起点 [全量]
  -> 共检出 90 条异常事件，准备写入数据库...
  -> 写入完成！

[11:32:40] 开始分析: 建筑 [Bull_assembly_Maren] | 表计 [chilledwater] | 起点 [全量]
  -> 共检出 92 条异常事件，准备写入数据库...
  -> 写入完成！

[11:32:41] 开始分析: 建筑 [Bull_assembly_Maren] | 表计 [electricity] | 起点 [全量]
  -> 共检出 138 条异常事件，准备写入数据库...
  -> 写入完成！

[11:32:41] 开始分析: 建筑 [Bull_assembly_Maren] | 表计 [steam] | 起点 [全量]
  -> 共检出 231 条异常事件，准备写入数据库...
  -> 写入完成！

[11:32:41] 开始分析: 建筑 [Bull_assembly_Nathanial] | 表计 [chilledwater] | 起点 [全量]
  -> 共检出 97 条异常事件，准备写入数据库...
  -> 写入完成！

[11:32:41] 开始分析: 建筑 [Bull_assembly_Nathanial] | 表计 [electricity] | 起点 [全量]
  -> 共检出 106 条异常事件，准备写入数据库...
  -> 写入完成！

[11:32:42] 开始分析: 建筑 [Bull_assembly_Nathanial] | 表计 [steam] | 起点 [全量]
  -> 共检出 94 条异常事件，准备写入数据库...
  -> 写入完成！

[11:32:42] 开始分析: 建筑 [Bull_assembly_Newton] | 表计 [electricity] | 起点 [全量]
  -> 共检出 460 条异常事件，准备写入数据库...
  -> 写入完成！

[11:32:42] 开始分析: 建筑 [Bull_assembly_Nick] | 表计 [electricity] | 起点 [全量]
  -> 共检出 105 条异常事件，准备写入数据库...
  -> 写入完成！

[11:32:42] 开始分析: 建筑 [Bull_assembly_Vanessa] | 表计 [chilledwater] | 起点 [全量]
  -> 共检出 94 条异常事件，准备写入数据库...
  -> 写入完成！

[11:32:42] 开始分析: 建筑 [Bull_assembly_Vanessa] | 表计 [electricity] | 起点 [全量]
  -> 共检出 105 条异常事件，准备写入数据库...
  -> 写入完成！

[11:32:43] 开始分析: 建筑 [Bull_assembly_Vanessa] | 表计 [steam] | 起点 [全量]
  -> 共检出 133 条异常事件，准备写入数据库...
  -> 写入完成！

[11:32:43] 开始分析: 建筑 [Bull_education_Annette] | 表计 [chilledwater] | 起点 [全量]
  -> 共检出 92 条异常事件，准备写入数据库...
  -> 写入完成！

[11:32:43] 开始分析: 建筑 [Bull_education_Annette] | 表计 [electricity] | 起点 [全量]
  -> 共检出 86 条异常事件，准备写入数据库...
  -> 写入完成！

[11:32:43] 开始分析: 建筑 [Bull_education_Annette] | 表计 [steam] | 起点 [全量]
  -> 共检出 90 条异常事件，准备写入数据库...
  -> 写入完成！

[11:32:43] 开始分析: 建筑 [Bull_education_Antonia] | 表计 [chilledwater] | 起点 [全量]
  -> 共检出 95 条异常事件，准备写入数据库...
  -> 写入完成！

[11:32:44] 开始分析: 建筑 [Bull_education_Antonia] | 表计 [electricity] | 起点 [全量]
  -> 共检出 193 条异常事件，准备写入数据库...
  -> 写入完成！

[11:32:44] 开始分析: 建筑 [Bull_education_Arthur] | 表计 [chilledwater] | 起点 [全量]
  -> 共检出 90 条异常事件，准备写入数据库...
  -> 写入完成！

[11:32:44] 开始分析: 建筑 [Bull_education_Arthur] | 表计 [electricity] | 起点 [全量]
  -> 共检出 98 条异常事件，准备写入数据库...
  -> 写入完成！

[11:32:44] 开始分析: 建筑 [Bull_education_Arthur] | 表计 [steam] | 起点 [全量]
  -> 共检出 285 条异常事件，准备写入数据库...
  -> 写入完成！

[11:32:44] 开始分析: 建筑 [Bull_education_Barry] | 表计 [chilledwater] | 起点 [全量]
  -> 共检出 90 条异常事件，准备写入数据库...
  -> 写入完成！

[11:32:45] 开始分析: 建筑 [Bull_education_Barry] | 表计 [electricity] | 起点 [全量]
  -> 共检出 119 条异常事件，准备写入数据库...
  -> 写入完成！

[11:32:45] 开始分析: 建筑 [Bull_education_Barry] | 表计 [steam] | 起点 [全量]
  -> 共检出 131 条异常事件，准备写入数据库...
  -> 写入完成！

[11:32:45] 开始分析: 建筑 [Bull_education_Bernice] | 表计 [chilledwater] | 起点 [全量]
  -> 共检出 89 条异常事件，准备写入数据库...
  -> 写入完成！

[11:32:45] 开始分析: 建筑 [Bull_education_Bernice] | 表计 [electricity] | 起点 [全量]
  -> 共检出 102 条异常事件，准备写入数据库...
  -> 写入完成！

[11:32:46] 开始分析: 建筑 [Bull_education_Bernice] | 表计 [steam] | 起点 [全量]
  -> 共检出 121 条异常事件，准备写入数据库...
  -> 写入完成！

[11:32:46] 开始分析: 建筑 [Bull_education_Brady] | 表计 [electricity] | 起点 [全量]
  -> 共检出 97 条异常事件，准备写入数据库...
  -> 写入完成！

[11:32:46] 开始分析: 建筑 [Bull_education_Brain] | 表计 [chilledwater] | 起点 [全量]
  -> 共检出 92 条异常事件，准备写入数据库...
  -> 写入完成！

[11:32:46] 开始分析: 建筑 [Bull_education_Brain] | 表计 [electricity] | 起点 [全量]
  -> 共检出 102 条异常事件，准备写入数据库...
  -> 写入完成！

[11:32:46] 开始分析: 建筑 [Bull_education_Brain] | 表计 [steam] | 起点 [全量]
  -> 共检出 189 条异常事件，准备写入数据库...
  -> 写入完成！

[11:32:47] 开始分析: 建筑 [Bull_education_Brandi] | 表计 [electricity] | 起点 [全量]
  -> 共检出 97 条异常事件，准备写入数据库...
  -> 写入完成！

[11:32:47] 开始分析: 建筑 [Bull_education_Brenda] | 表计 [chilledwater] | 起点 [全量]
  -> 共检出 87 条异常事件，准备写入数据库...
  -> 写入完成！

[11:32:47] 开始分析: 建筑 [Bull_education_Brenda] | 表计 [electricity] | 起点 [全量]
  -> 共检出 113 条异常事件，准备写入数据库...
  -> 写入完成！

[11:32:47] 开始分析: 建筑 [Bull_education_Brenda] | 表计 [steam] | 起点 [全量]
  -> 共检出 405 条异常事件，准备写入数据库...
  -> 写入完成！

[11:32:47] 开始分析: 建筑 [Bull_education_Bryon] | 表计 [chilledwater] | 起点 [全量]
  -> 共检出 88 条异常事件，准备写入数据库...
  -> 写入完成！

[11:32:48] 开始分析: 建筑 [Bull_education_Bryon] | 表计 [electricity] | 起点 [全量]
  -> 共检出 99 条异常事件，准备写入数据库...
  -> 写入完成！

[11:32:48] 开始分析: 建筑 [Bull_education_Bryon] | 表计 [steam] | 起点 [全量]
  -> 共检出 604 条异常事件，准备写入数据库...
  -> 写入完成！

[11:32:48] 开始分析: 建筑 [Bull_education_Carl] | 表计 [chilledwater] | 起点 [全量]
  -> 共检出 93 条异常事件，准备写入数据库...
  -> 写入完成！

[11:32:48] 开始分析: 建筑 [Bull_education_Carl] | 表计 [electricity] | 起点 [全量]
  -> 共检出 103 条异常事件，准备写入数据库...
  -> 写入完成！

[11:32:48] 开始分析: 建筑 [Bull_education_Carl] | 表计 [steam] | 起点 [全量]
  -> 共检出 329 条异常事件，准备写入数据库...
  -> 写入完成！

[11:32:49] 开始分析: 建筑 [Bull_education_Clarice] | 表计 [electricity] | 起点 [全量]
  -> 共检出 199 条异常事件，准备写入数据库...
  -> 写入完成！

[11:32:49] 开始分析: 建筑 [Bull_education_Clarice] | 表计 [steam] | 起点 [全量]
  -> 共检出 87 条异常事件，准备写入数据库...
  -> 写入完成！

[11:32:49] 开始分析: 建筑 [Bull_education_Clarita] | 表计 [chilledwater] | 起点 [全量]
  -> 共检出 87 条异常事件，准备写入数据库...
  -> 写入完成！

[11:32:49] 开始分析: 建筑 [Bull_education_Clarita] | 表计 [electricity] | 起点 [全量]
  -> 共检出 110 条异常事件，准备写入数据库...
  -> 写入完成！

[11:32:50] 开始分析: 建筑 [Bull_education_Clarita] | 表计 [steam] | 起点 [全量]
  -> 共检出 156 条异常事件，准备写入数据库...
  -> 写入完成！

[11:32:50] 开始分析: 建筑 [Bull_education_Dakota] | 表计 [electricity] | 起点 [全量]
  -> 共检出 98 条异常事件，准备写入数据库...
  -> 写入完成！

[11:32:50] 开始分析: 建筑 [Bull_education_Dan] | 表计 [chilledwater] | 起点 [全量]
  -> 共检出 96 条异常事件，准备写入数据库...
  -> 写入完成！

[11:32:50] 开始分析: 建筑 [Bull_education_Dan] | 表计 [electricity] | 起点 [全量]
  -> 共检出 112 条异常事件，准备写入数据库...
  -> 写入完成！

[11:32:50] 开始分析: 建筑 [Bull_education_Dan] | 表计 [steam] | 起点 [全量]
  -> 共检出 165 条异常事件，准备写入数据库...
  -> 写入完成！

[11:32:51] 开始分析: 建筑 [Bull_education_Dania] | 表计 [chilledwater] | 起点 [全量]
  -> 共检出 91 条异常事件，准备写入数据库...
  -> 写入完成！

[11:32:51] 开始分析: 建筑 [Bull_education_Dania] | 表计 [electricity] | 起点 [全量]
  -> 共检出 115 条异常事件，准备写入数据库...
  -> 写入完成！

[11:32:51] 开始分析: 建筑 [Bull_education_Dania] | 表计 [steam] | 起点 [全量]
  -> 共检出 305 条异常事件，准备写入数据库...
  -> 写入完成！

[11:32:51] 开始分析: 建筑 [Bull_education_Delia] | 表计 [chilledwater] | 起点 [全量]
  -> 共检出 62 条异常事件，准备写入数据库...
  -> 写入完成！

[11:32:51] 开始分析: 建筑 [Bull_education_Delia] | 表计 [electricity] | 起点 [全量]
  -> 共检出 69 条异常事件，准备写入数据库...
  -> 写入完成！

[11:32:52] 开始分析: 建筑 [Bull_education_Delia] | 表计 [steam] | 起点 [全量]
  -> 共检出 62 条异常事件，准备写入数据库...
  -> 写入完成！

[11:32:52] 开始分析: 建筑 [Bull_education_Dora] | 表计 [chilledwater] | 起点 [全量]
  -> 共检出 89 条异常事件，准备写入数据库...
  -> 写入完成！

[11:32:52] 开始分析: 建筑 [Bull_education_Dora] | 表计 [electricity] | 起点 [全量]
  -> 共检出 128 条异常事件，准备写入数据库...
  -> 写入完成！

[11:32:52] 开始分析: 建筑 [Bull_education_Dora] | 表计 [steam] | 起点 [全量]
  -> 共检出 114 条异常事件，准备写入数据库...
  -> 写入完成！

[11:32:52] 开始分析: 建筑 [Bull_education_Dottie] | 表计 [chilledwater] | 起点 [全量]
  -> 共检出 88 条异常事件，准备写入数据库...
  -> 写入完成！

[11:32:53] 开始分析: 建筑 [Bull_education_Dottie] | 表计 [electricity] | 起点 [全量]
  -> 共检出 119 条异常事件，准备写入数据库...
  -> 写入完成！

[11:32:53] 开始分析: 建筑 [Bull_education_Dottie] | 表计 [steam] | 起点 [全量]
  -> 共检出 90 条异常事件，准备写入数据库...
  -> 写入完成！

[11:32:53] 开始分析: 建筑 [Bull_education_Elva] | 表计 [chilledwater] | 起点 [全量]
  -> 共检出 94 条异常事件，准备写入数据库...
  -> 写入完成！

[11:32:53] 开始分析: 建筑 [Bull_education_Elva] | 表计 [electricity] | 起点 [全量]
  -> 共检出 261 条异常事件，准备写入数据库...
  -> 写入完成！

[11:32:53] 开始分析: 建筑 [Bull_education_Elva] | 表计 [steam] | 起点 [全量]
  -> 共检出 114 条异常事件，准备写入数据库...
  -> 写入完成！

[11:32:54] 开始分析: 建筑 [Bull_education_Fabiola] | 表计 [chilledwater] | 起点 [全量]
  -> 共检出 88 条异常事件，准备写入数据库...
  -> 写入完成！

[11:32:54] 开始分析: 建筑 [Bull_education_Fabiola] | 表计 [electricity] | 起点 [全量]
  -> 共检出 101 条异常事件，准备写入数据库...
  -> 写入完成！

[11:32:54] 开始分析: 建筑 [Bull_education_Fabiola] | 表计 [steam] | 起点 [全量]
  -> 共检出 212 条异常事件，准备写入数据库...
  -> 写入完成！

[11:32:54] 开始分析: 建筑 [Bull_education_Geneva] | 表计 [chilledwater] | 起点 [全量]
  -> 共检出 87 条异常事件，准备写入数据库...
  -> 写入完成！

[11:32:55] 开始分析: 建筑 [Bull_education_Geneva] | 表计 [electricity] | 起点 [全量]
  -> 共检出 132 条异常事件，准备写入数据库...
  -> 写入完成！

[11:32:55] 开始分析: 建筑 [Bull_education_Genie] | 表计 [chilledwater] | 起点 [全量]
  -> 共检出 89 条异常事件，准备写入数据库...
  -> 写入完成！

[11:32:55] 开始分析: 建筑 [Bull_education_Genie] | 表计 [electricity] | 起点 [全量]
  -> 共检出 101 条异常事件，准备写入数据库...
  -> 写入完成！

[11:32:55] 开始分析: 建筑 [Bull_education_Genie] | 表计 [steam] | 起点 [全量]
  -> 共检出 153 条异常事件，准备写入数据库...
  -> 写入完成！

[11:32:56] 开始分析: 建筑 [Bull_education_Gregory] | 表计 [chilledwater] | 起点 [全量]
  -> 共检出 102 条异常事件，准备写入数据库...
  -> 写入完成！

[11:32:56] 开始分析: 建筑 [Bull_education_Gregory] | 表计 [electricity] | 起点 [全量]
  -> 共检出 102 条异常事件，准备写入数据库...
  -> 写入完成！

[11:32:56] 开始分析: 建筑 [Bull_education_Gregory] | 表计 [steam] | 起点 [全量]
  -> 共检出 93 条异常事件，准备写入数据库...
  -> 写入完成！

[11:32:56] 开始分析: 建筑 [Bull_education_Hayley] | 表计 [chilledwater] | 起点 [全量]
  -> 共检出 89 条异常事件，准备写入数据库...
  -> 写入完成！

[11:32:56] 开始分析: 建筑 [Bull_education_Hayley] | 表计 [electricity] | 起点 [全量]
  -> 共检出 108 条异常事件，准备写入数据库...
  -> 写入完成！

[11:32:57] 开始分析: 建筑 [Bull_education_Hayley] | 表计 [steam] | 起点 [全量]
  -> 共检出 476 条异常事件，准备写入数据库...
  -> 写入完成！

[11:32:57] 开始分析: 建筑 [Bull_education_Jae] | 表计 [chilledwater] | 起点 [全量]
  -> 共检出 91 条异常事件，准备写入数据库...
  -> 写入完成！

[11:32:57] 开始分析: 建筑 [Bull_education_Jae] | 表计 [electricity] | 起点 [全量]
  -> 共检出 130 条异常事件，准备写入数据库...
  -> 写入完成！

[11:32:57] 开始分析: 建筑 [Bull_education_Jae] | 表计 [steam] | 起点 [全量]
  -> 共检出 91 条异常事件，准备写入数据库...
  -> 写入完成！

[11:32:58] 开始分析: 建筑 [Bull_education_Jeffery] | 表计 [electricity] | 起点 [全量]
  -> 共检出 102 条异常事件，准备写入数据库...
  -> 写入完成！

[11:32:58] 开始分析: 建筑 [Bull_education_Joseph] | 表计 [chilledwater] | 起点 [全量]
  -> 共检出 95 条异常事件，准备写入数据库...
  -> 写入完成！

[11:32:58] 开始分析: 建筑 [Bull_education_Joseph] | 表计 [electricity] | 起点 [全量]
  -> 共检出 102 条异常事件，准备写入数据库...
  -> 写入完成！

[11:32:58] 开始分析: 建筑 [Bull_education_Joseph] | 表计 [steam] | 起点 [全量]
  -> 共检出 136 条异常事件，准备写入数据库...
  -> 写入完成！

[11:32:59] 开始分析: 建筑 [Bull_education_Juan] | 表计 [chilledwater] | 起点 [全量]
  -> 共检出 92 条异常事件，准备写入数据库...
  -> 写入完成！

[11:32:59] 开始分析: 建筑 [Bull_education_Juan] | 表计 [electricity] | 起点 [全量]
  -> 共检出 116 条异常事件，准备写入数据库...
  -> 写入完成！

[11:32:59] 开始分析: 建筑 [Bull_education_Juan] | 表计 [steam] | 起点 [全量]
  -> 共检出 63 条异常事件，准备写入数据库...
  -> 写入完成！

[11:32:59] 开始分析: 建筑 [Bull_education_Kendra] | 表计 [chilledwater] | 起点 [全量]
  -> 共检出 93 条异常事件，准备写入数据库...
  -> 写入完成！

[11:32:59] 开始分析: 建筑 [Bull_education_Kendra] | 表计 [electricity] | 起点 [全量]
  -> 共检出 105 条异常事件，准备写入数据库...
  -> 写入完成！

[11:33:00] 开始分析: 建筑 [Bull_education_Kendra] | 表计 [steam] | 起点 [全量]
  -> 共检出 96 条异常事件，准备写入数据库...
  -> 写入完成！

[11:33:00] 开始分析: 建筑 [Bull_education_Krista] | 表计 [chilledwater] | 起点 [全量]
  -> 共检出 90 条异常事件，准备写入数据库...
  -> 写入完成！

[11:33:00] 开始分析: 建筑 [Bull_education_Krista] | 表计 [electricity] | 起点 [全量]
  -> 共检出 104 条异常事件，准备写入数据库...
  -> 写入完成！

[11:33:00] 开始分析: 建筑 [Bull_education_Krista] | 表计 [steam] | 起点 [全量]
  -> 共检出 346 条异常事件，准备写入数据库...
  -> 写入完成！

[11:33:00] 开始分析: 建筑 [Bull_education_Kristal] | 表计 [chilledwater] | 起点 [全量]
  -> 共检出 90 条异常事件，准备写入数据库...
  -> 写入完成！

[11:33:01] 开始分析: 建筑 [Bull_education_Kristal] | 表计 [electricity] | 起点 [全量]
  -> 共检出 107 条异常事件，准备写入数据库...
  -> 写入完成！

[11:33:01] 开始分析: 建筑 [Bull_education_Kristal] | 表计 [steam] | 起点 [全量]
  -> 共检出 333 条异常事件，准备写入数据库...
  -> 写入完成！

[11:33:01] 开始分析: 建筑 [Bull_education_Lenny] | 表计 [chilledwater] | 起点 [全量]
  -> 共检出 91 条异常事件，准备写入数据库...
  -> 写入完成！

[11:33:01] 开始分析: 建筑 [Bull_education_Lenny] | 表计 [electricity] | 起点 [全量]
  -> 共检出 264 条异常事件，准备写入数据库...
  -> 写入完成！

[11:33:02] 开始分析: 建筑 [Bull_education_Lenny] | 表计 [steam] | 起点 [全量]
  -> 共检出 145 条异常事件，准备写入数据库...
  -> 写入完成！

[11:33:02] 开始分析: 建筑 [Bull_education_Linnie] | 表计 [chilledwater] | 起点 [全量]
  -> 共检出 92 条异常事件，准备写入数据库...
  -> 写入完成！

[11:33:02] 开始分析: 建筑 [Bull_education_Linnie] | 表计 [electricity] | 起点 [全量]
  -> 共检出 102 条异常事件，准备写入数据库...
  -> 写入完成！

[11:33:02] 开始分析: 建筑 [Bull_education_Linnie] | 表计 [steam] | 起点 [全量]
  -> 共检出 201 条异常事件，准备写入数据库...
  -> 写入完成！

[11:33:03] 开始分析: 建筑 [Bull_education_Luke] | 表计 [chilledwater] | 起点 [全量]
  -> 共检出 96 条异常事件，准备写入数据库...
  -> 写入完成！

[11:33:03] 开始分析: 建筑 [Bull_education_Luke] | 表计 [electricity] | 起点 [全量]
  -> 共检出 101 条异常事件，准备写入数据库...
  -> 写入完成！

[11:33:03] 开始分析: 建筑 [Bull_education_Luke] | 表计 [steam] | 起点 [全量]
  -> 共检出 98 条异常事件，准备写入数据库...
  -> 写入完成！

[11:33:03] 开始分析: 建筑 [Bull_education_Lydia] | 表计 [chilledwater] | 起点 [全量]
  -> 共检出 124 条异常事件，准备写入数据库...
  -> 写入完成！

[11:33:03] 开始分析: 建筑 [Bull_education_Lydia] | 表计 [electricity] | 起点 [全量]
  -> 共检出 123 条异常事件，准备写入数据库...
  -> 写入完成！

[11:33:04] 开始分析: 建筑 [Bull_education_Lydia] | 表计 [steam] | 起点 [全量]
  -> 共检出 438 条异常事件，准备写入数据库...
  -> 写入完成！

[11:33:04] 开始分析: 建筑 [Bull_education_Lyn] | 表计 [chilledwater] | 起点 [全量]
  -> 共检出 92 条异常事件，准备写入数据库...
  -> 写入完成！

[11:33:04] 开始分析: 建筑 [Bull_education_Lyn] | 表计 [electricity] | 起点 [全量]
  -> 共检出 101 条异常事件，准备写入数据库...
  -> 写入完成！

[11:33:04] 开始分析: 建筑 [Bull_education_Lyn] | 表计 [steam] | 起点 [全量]
  -> 共检出 257 条异常事件，准备写入数据库...
  -> 写入完成！

[11:33:05] 开始分析: 建筑 [Bull_education_Magaret] | 表计 [chilledwater] | 起点 [全量]
  -> 共检出 88 条异常事件，准备写入数据库...
  -> 写入完成！

[11:33:05] 开始分析: 建筑 [Bull_education_Magaret] | 表计 [electricity] | 起点 [全量]
  -> 共检出 106 条异常事件，准备写入数据库...
  -> 写入完成！

[11:33:05] 开始分析: 建筑 [Bull_education_Magaret] | 表计 [steam] | 起点 [全量]
  -> 共检出 115 条异常事件，准备写入数据库...
  -> 写入完成！

[11:33:05] 开始分析: 建筑 [Bull_education_Mario] | 表计 [chilledwater] | 起点 [全量]
  -> 共检出 91 条异常事件，准备写入数据库...
  -> 写入完成！

[11:33:05] 开始分析: 建筑 [Bull_education_Mario] | 表计 [electricity] | 起点 [全量]
  -> 共检出 100 条异常事件，准备写入数据库...
  -> 写入完成！

[11:33:06] 开始分析: 建筑 [Bull_education_Mario] | 表计 [steam] | 起点 [全量]
  -> 共检出 95 条异常事件，准备写入数据库...
  -> 写入完成！

[11:33:06] 开始分析: 建筑 [Bull_education_Matilda] | 表计 [chilledwater] | 起点 [全量]
  -> 共检出 98 条异常事件，准备写入数据库...
  -> 写入完成！

[11:33:06] 开始分析: 建筑 [Bull_education_Matilda] | 表计 [electricity] | 起点 [全量]
  -> 共检出 105 条异常事件，准备写入数据库...
  -> 写入完成！

[11:33:06] 开始分析: 建筑 [Bull_education_Matilda] | 表计 [steam] | 起点 [全量]
  -> 共检出 77 条异常事件，准备写入数据库...
  -> 写入完成！

[11:33:06] 开始分析: 建筑 [Bull_education_Mervin] | 表计 [chilledwater] | 起点 [全量]
  -> 共检出 96 条异常事件，准备写入数据库...
  -> 写入完成！

[11:33:07] 开始分析: 建筑 [Bull_education_Mervin] | 表计 [electricity] | 起点 [全量]
  -> 共检出 104 条异常事件，准备写入数据库...
  -> 写入完成！

[11:33:07] 开始分析: 建筑 [Bull_education_Mervin] | 表计 [steam] | 起点 [全量]
  -> 共检出 114 条异常事件，准备写入数据库...
  -> 写入完成！

[11:33:07] 开始分析: 建筑 [Bull_education_Miquel] | 表计 [chilledwater] | 起点 [全量]
  -> 共检出 95 条异常事件，准备写入数据库...
  -> 写入完成！

[11:33:07] 开始分析: 建筑 [Bull_education_Miquel] | 表计 [electricity] | 起点 [全量]
  -> 共检出 104 条异常事件，准备写入数据库...
  -> 写入完成！

[11:33:08] 开始分析: 建筑 [Bull_education_Miquel] | 表计 [steam] | 起点 [全量]
  -> 共检出 168 条异常事件，准备写入数据库...
  -> 写入完成！

[11:33:08] 开始分析: 建筑 [Bull_education_Miranda] | 表计 [chilledwater] | 起点 [全量]
  -> 共检出 145 条异常事件，准备写入数据库...
  -> 写入完成！

[11:33:08] 开始分析: 建筑 [Bull_education_Miranda] | 表计 [electricity] | 起点 [全量]
  -> 共检出 177 条异常事件，准备写入数据库...
  -> 写入完成！

[11:33:08] 开始分析: 建筑 [Bull_education_Miranda] | 表计 [steam] | 起点 [全量]
  -> 共检出 103 条异常事件，准备写入数据库...
  -> 写入完成！

[11:33:08] 开始分析: 建筑 [Bull_education_Myra] | 表计 [chilledwater] | 起点 [全量]
  -> 共检出 88 条异常事件，准备写入数据库...
  -> 写入完成！

[11:33:09] 开始分析: 建筑 [Bull_education_Myra] | 表计 [electricity] | 起点 [全量]
  -> 共检出 99 条异常事件，准备写入数据库...
  -> 写入完成！

[11:33:09] 开始分析: 建筑 [Bull_education_Myra] | 表计 [steam] | 起点 [全量]
  -> 共检出 107 条异常事件，准备写入数据库...
  -> 写入完成！

[11:33:09] 开始分析: 建筑 [Bull_education_Nichole] | 表计 [chilledwater] | 起点 [全量]
  -> 共检出 91 条异常事件，准备写入数据库...
  -> 写入完成！

[11:33:09] 开始分析: 建筑 [Bull_education_Nichole] | 表计 [electricity] | 起点 [全量]
  -> 共检出 104 条异常事件，准备写入数据库...
  -> 写入完成！

[11:33:10] 开始分析: 建筑 [Bull_education_Nichole] | 表计 [steam] | 起点 [全量]
  -> 共检出 230 条异常事件，准备写入数据库...
  -> 写入完成！

[11:33:10] 开始分析: 建筑 [Bull_education_Nina] | 表计 [chilledwater] | 起点 [全量]
  -> 共检出 90 条异常事件，准备写入数据库...
  -> 写入完成！

[11:33:10] 开始分析: 建筑 [Bull_education_Nina] | 表计 [electricity] | 起点 [全量]
  -> 共检出 105 条异常事件，准备写入数据库...
  -> 写入完成！

[11:33:10] 开始分析: 建筑 [Bull_education_Nina] | 表计 [steam] | 起点 [全量]
  -> 共检出 353 条异常事件，准备写入数据库...
  -> 写入完成！

[11:33:10] 开始分析: 建筑 [Bull_education_Nolan] | 表计 [electricity] | 起点 [全量]
  -> 共检出 109 条异常事件，准备写入数据库...
  -> 写入完成！

[11:33:11] 开始分析: 建筑 [Bull_education_Olive] | 表计 [chilledwater] | 起点 [全量]
  -> 共检出 89 条异常事件，准备写入数据库...
  -> 写入完成！

[11:33:11] 开始分析: 建筑 [Bull_education_Olive] | 表计 [electricity] | 起点 [全量]
  -> 共检出 112 条异常事件，准备写入数据库...
  -> 写入完成！

[11:33:11] 开始分析: 建筑 [Bull_education_Olive] | 表计 [steam] | 起点 [全量]
  -> 共检出 118 条异常事件，准备写入数据库...
  -> 写入完成！

[11:33:11] 开始分析: 建筑 [Bull_education_Pablo] | 表计 [chilledwater] | 起点 [全量]
  -> 共检出 145 条异常事件，准备写入数据库...
  -> 写入完成！

[11:33:11] 开始分析: 建筑 [Bull_education_Pablo] | 表计 [electricity] | 起点 [全量]
  -> 共检出 96 条异常事件，准备写入数据库...
  -> 写入完成！

[11:33:12] 开始分析: 建筑 [Bull_education_Pablo] | 表计 [steam] | 起点 [全量]
  -> 共检出 136 条异常事件，准备写入数据库...
  -> 写入完成！

[11:33:12] 开始分析: 建筑 [Bull_education_Pamela] | 表计 [chilledwater] | 起点 [全量]
  -> 共检出 87 条异常事件，准备写入数据库...
  -> 写入完成！

[11:33:12] 开始分析: 建筑 [Bull_education_Pamela] | 表计 [electricity] | 起点 [全量]
  -> 共检出 116 条异常事件，准备写入数据库...
  -> 写入完成！

[11:33:12] 开始分析: 建筑 [Bull_education_Pamela] | 表计 [steam] | 起点 [全量]
  -> 共检出 474 条异常事件，准备写入数据库...
  -> 写入完成！

[11:33:12] 开始分析: 建筑 [Bull_education_Patrina] | 表计 [chilledwater] | 起点 [全量]
  -> 共检出 90 条异常事件，准备写入数据库...
  -> 写入完成！

[11:33:13] 开始分析: 建筑 [Bull_education_Patrina] | 表计 [electricity] | 起点 [全量]
  -> 共检出 107 条异常事件，准备写入数据库...
  -> 写入完成！

[11:33:13] 开始分析: 建筑 [Bull_education_Patrina] | 表计 [steam] | 起点 [全量]
  -> 共检出 254 条异常事件，准备写入数据库...
  -> 写入完成！

[11:33:13] 开始分析: 建筑 [Bull_education_Racheal] | 表计 [chilledwater] | 起点 [全量]
  -> 共检出 93 条异常事件，准备写入数据库...
  -> 写入完成！

[11:33:13] 开始分析: 建筑 [Bull_education_Racheal] | 表计 [electricity] | 起点 [全量]
  -> 共检出 103 条异常事件，准备写入数据库...
  -> 写入完成！

[11:33:13] 开始分析: 建筑 [Bull_education_Racheal] | 表计 [steam] | 起点 [全量]
  -> 共检出 89 条异常事件，准备写入数据库...
  -> 写入完成！

[11:33:14] 开始分析: 建筑 [Bull_education_Reina] | 表计 [chilledwater] | 起点 [全量]
  -> 共检出 161 条异常事件，准备写入数据库...
  -> 写入完成！

[11:33:14] 开始分析: 建筑 [Bull_education_Reina] | 表计 [electricity] | 起点 [全量]
  -> 共检出 253 条异常事件，准备写入数据库...
  -> 写入完成！

[11:33:14] 开始分析: 建筑 [Bull_education_Reina] | 表计 [steam] | 起点 [全量]
  -> 共检出 168 条异常事件，准备写入数据库...
  -> 写入完成！

[11:33:14] 开始分析: 建筑 [Bull_education_Reynaldo] | 表计 [chilledwater] | 起点 [全量]
  -> 共检出 93 条异常事件，准备写入数据库...
  -> 写入完成！

[11:33:15] 开始分析: 建筑 [Bull_education_Reynaldo] | 表计 [electricity] | 起点 [全量]
  -> 共检出 130 条异常事件，准备写入数据库...
  -> 写入完成！

[11:33:15] 开始分析: 建筑 [Bull_education_Reynaldo] | 表计 [steam] | 起点 [全量]
  -> 共检出 145 条异常事件，准备写入数据库...
  -> 写入完成！

[11:33:15] 开始分析: 建筑 [Bull_education_Roland] | 表计 [chilledwater] | 起点 [全量]
  -> 共检出 90 条异常事件，准备写入数据库...
  -> 写入完成！

[11:33:15] 开始分析: 建筑 [Bull_education_Roland] | 表计 [electricity] | 起点 [全量]
  -> 共检出 113 条异常事件，准备写入数据库...
  -> 写入完成！

[11:33:15] 开始分析: 建筑 [Bull_education_Roland] | 表计 [steam] | 起点 [全量]
  -> 共检出 216 条异常事件，准备写入数据库...
  -> 写入完成！

[11:33:16] 开始分析: 建筑 [Bull_education_Roseann] | 表计 [chilledwater] | 起点 [全量]
  -> 共检出 153 条异常事件，准备写入数据库...
  -> 写入完成！

[11:33:16] 开始分析: 建筑 [Bull_education_Roseann] | 表计 [electricity] | 起点 [全量]
  -> 共检出 111 条异常事件，准备写入数据库...
  -> 写入完成！

[11:33:16] 开始分析: 建筑 [Bull_education_Roseann] | 表计 [steam] | 起点 [全量]
  -> 共检出 139 条异常事件，准备写入数据库...
  -> 写入完成！

[11:33:16] 开始分析: 建筑 [Bull_education_Sebastian] | 表计 [chilledwater] | 起点 [全量]
  -> 共检出 91 条异常事件，准备写入数据库...
  -> 写入完成！

[11:33:17] 开始分析: 建筑 [Bull_education_Sebastian] | 表计 [electricity] | 起点 [全量]
  -> 共检出 97 条异常事件，准备写入数据库...
  -> 写入完成！

[11:33:17] 开始分析: 建筑 [Bull_education_Sebastian] | 表计 [steam] | 起点 [全量]
  -> 共检出 82 条异常事件，准备写入数据库...
  -> 写入完成！

[11:33:17] 开始分析: 建筑 [Bull_education_Shona] | 表计 [electricity] | 起点 [全量]
  -> 共检出 108 条异常事件，准备写入数据库...
  -> 写入完成！

[11:33:17] 开始分析: 建筑 [Bull_education_Stewart] | 表计 [chilledwater] | 起点 [全量]
  -> 共检出 94 条异常事件，准备写入数据库...
  -> 写入完成！

[11:33:17] 开始分析: 建筑 [Bull_education_Stewart] | 表计 [electricity] | 起点 [全量]
  -> 共检出 117 条异常事件，准备写入数据库...
  -> 写入完成！

[11:33:18] 开始分析: 建筑 [Bull_education_Stewart] | 表计 [steam] | 起点 [全量]
  -> 共检出 87 条异常事件，准备写入数据库...
  -> 写入完成！

[11:33:18] 开始分析: 建筑 [Bull_education_Summer] | 表计 [electricity] | 起点 [全量]
  -> 共检出 103 条异常事件，准备写入数据库...
  -> 写入完成！

[11:33:18] 开始分析: 建筑 [Bull_education_Tracey] | 表计 [chilledwater] | 起点 [全量]
  -> 共检出 81 条异常事件，准备写入数据库...
  -> 写入完成！

[11:33:18] 开始分析: 建筑 [Bull_education_Tracey] | 表计 [electricity] | 起点 [全量]
  -> 共检出 98 条异常事件，准备写入数据库...
  -> 写入完成！

[11:33:19] 开始分析: 建筑 [Bull_education_Tracey] | 表计 [steam] | 起点 [全量]
  -> 共检出 209 条异常事件，准备写入数据库...
  -> 写入完成！

[11:33:19] 开始分析: 建筑 [Bull_education_Venita] | 表计 [chilledwater] | 起点 [全量]
  -> 共检出 93 条异常事件，准备写入数据库...
  -> 写入完成！

[11:33:19] 开始分析: 建筑 [Bull_education_Venita] | 表计 [electricity] | 起点 [全量]
  -> 共检出 101 条异常事件，准备写入数据库...
  -> 写入完成！

[11:33:19] 开始分析: 建筑 [Bull_education_Venita] | 表计 [steam] | 起点 [全量]
  -> 共检出 130 条异常事件，准备写入数据库...
  -> 写入完成！

[11:33:19] 开始分析: 建筑 [Bull_education_Violeta] | 表计 [chilledwater] | 起点 [全量]
  -> 共检出 82 条异常事件，准备写入数据库...
  -> 写入完成！

[11:33:20] 开始分析: 建筑 [Bull_education_Violeta] | 表计 [electricity] | 起点 [全量]
  -> 共检出 552 条异常事件，准备写入数据库...
  -> 写入完成！

[11:33:20] 开始分析: 建筑 [Bull_education_Violeta] | 表计 [steam] | 起点 [全量]
  -> 共检出 137 条异常事件，准备写入数据库...
  -> 写入完成！

[11:33:20] 开始分析: 建筑 [Bull_lodging_Abby] | 表计 [electricity] | 起点 [全量]
  -> 共检出 350 条异常事件，准备写入数据库...
  -> 写入完成！

[11:33:20] 开始分析: 建筑 [Bull_lodging_Allen] | 表计 [electricity] | 起点 [全量]
  -> 共检出 113 条异常事件，准备写入数据库...
  -> 写入完成！

[11:33:21] 开始分析: 建筑 [Bull_lodging_Anibal] | 表计 [chilledwater] | 起点 [全量]
  -> 共检出 86 条异常事件，准备写入数据库...
  -> 写入完成！

[11:33:21] 开始分析: 建筑 [Bull_lodging_Anibal] | 表计 [electricity] | 起点 [全量]
  -> 共检出 99 条异常事件，准备写入数据库...
  -> 写入完成！

[11:33:21] 开始分析: 建筑 [Bull_lodging_Anibal] | 表计 [steam] | 起点 [全量]
  -> 共检出 73 条异常事件，准备写入数据库...
  -> 写入完成！

[11:33:21] 开始分析: 建筑 [Bull_lodging_Caren] | 表计 [chilledwater] | 起点 [全量]
  -> 共检出 93 条异常事件，准备写入数据库...
  -> 写入完成！

[11:33:21] 开始分析: 建筑 [Bull_lodging_Caren] | 表计 [electricity] | 起点 [全量]
  -> 共检出 108 条异常事件，准备写入数据库...
  -> 写入完成！

[11:33:22] 开始分析: 建筑 [Bull_lodging_Caren] | 表计 [steam] | 起点 [全量]
  -> 共检出 91 条异常事件，准备写入数据库...
  -> 写入完成！

[11:33:22] 开始分析: 建筑 [Bull_lodging_Carie] | 表计 [chilledwater] | 起点 [全量]
  -> 共检出 97 条异常事件，准备写入数据库...
  -> 写入完成！

[11:33:22] 开始分析: 建筑 [Bull_lodging_Carie] | 表计 [electricity] | 起点 [全量]
  -> 共检出 112 条异常事件，准备写入数据库...
  -> 写入完成！

[11:33:22] 开始分析: 建筑 [Bull_lodging_Carie] | 表计 [steam] | 起点 [全量]
  -> 共检出 93 条异常事件，准备写入数据库...
  -> 写入完成！

[11:33:22] 开始分析: 建筑 [Bull_lodging_Charlotte] | 表计 [electricity] | 起点 [全量]
  -> 共检出 100 条异常事件，准备写入数据库...
  -> 写入完成！

[11:33:23] 开始分析: 建筑 [Bull_lodging_Danielle] | 表计 [chilledwater] | 起点 [全量]
  -> 共检出 83 条异常事件，准备写入数据库...
  -> 写入完成！

[11:33:23] 开始分析: 建筑 [Bull_lodging_Danielle] | 表计 [electricity] | 起点 [全量]
  -> 共检出 116 条异常事件，准备写入数据库...
  -> 写入完成！

[11:33:23] 开始分析: 建筑 [Bull_lodging_Danielle] | 表计 [steam] | 起点 [全量]
  -> 共检出 77 条异常事件，准备写入数据库...
  -> 写入完成！

[11:33:23] 开始分析: 建筑 [Bull_lodging_Dave] | 表计 [chilledwater] | 起点 [全量]
  -> 共检出 98 条异常事件，准备写入数据库...
  -> 写入完成！

[11:33:23] 开始分析: 建筑 [Bull_lodging_Dave] | 表计 [electricity] | 起点 [全量]
  -> 共检出 108 条异常事件，准备写入数据库...
  -> 写入完成！

[11:33:24] 开始分析: 建筑 [Bull_lodging_Dave] | 表计 [steam] | 起点 [全量]
  -> 共检出 77 条异常事件，准备写入数据库...
  -> 写入完成！

[11:33:24] 开始分析: 建筑 [Bull_lodging_Elena] | 表计 [electricity] | 起点 [全量]
  -> 共检出 214 条异常事件，准备写入数据库...
  -> 写入完成！

[11:33:24] 开始分析: 建筑 [Bull_lodging_Graciela] | 表计 [electricity] | 起点 [全量]
  -> 共检出 152 条异常事件，准备写入数据库...
  -> 写入完成！

[11:33:24] 开始分析: 建筑 [Bull_lodging_Hugo] | 表计 [chilledwater] | 起点 [全量]
  -> 共检出 98 条异常事件，准备写入数据库...
  -> 写入完成！

[11:33:25] 开始分析: 建筑 [Bull_lodging_Hugo] | 表计 [electricity] | 起点 [全量]
  -> 共检出 104 条异常事件，准备写入数据库...
  -> 写入完成！

[11:33:25] 开始分析: 建筑 [Bull_lodging_Hugo] | 表计 [steam] | 起点 [全量]
  -> 共检出 90 条异常事件，准备写入数据库...
  -> 写入完成！

[11:33:25] 开始分析: 建筑 [Bull_lodging_Jeremiah] | 表计 [chilledwater] | 起点 [全量]
  -> 共检出 93 条异常事件，准备写入数据库...
  -> 写入完成！

[11:33:25] 开始分析: 建筑 [Bull_lodging_Jeremiah] | 表计 [electricity] | 起点 [全量]
  -> 共检出 104 条异常事件，准备写入数据库...
  -> 写入完成！

[11:33:25] 开始分析: 建筑 [Bull_lodging_Jeremiah] | 表计 [steam] | 起点 [全量]
  -> 共检出 321 条异常事件，准备写入数据库...
  -> 写入完成！

[11:33:26] 开始分析: 建筑 [Bull_lodging_Leonard] | 表计 [chilledwater] | 起点 [全量]
  -> 共检出 93 条异常事件，准备写入数据库...
  -> 写入完成！

[11:33:26] 开始分析: 建筑 [Bull_lodging_Leonard] | 表计 [electricity] | 起点 [全量]
  -> 共检出 112 条异常事件，准备写入数据库...
  -> 写入完成！

[11:33:26] 开始分析: 建筑 [Bull_lodging_Leonard] | 表计 [steam] | 起点 [全量]
  -> 共检出 400 条异常事件，准备写入数据库...
  -> 写入完成！

[11:33:26] 开始分析: 建筑 [Bull_lodging_Lettie] | 表计 [chilledwater] | 起点 [全量]
  -> 共检出 94 条异常事件，准备写入数据库...
  -> 写入完成！

[11:33:26] 开始分析: 建筑 [Bull_lodging_Lettie] | 表计 [electricity] | 起点 [全量]
  -> 共检出 113 条异常事件，准备写入数据库...
  -> 写入完成！

[11:33:27] 开始分析: 建筑 [Bull_lodging_Lettie] | 表计 [steam] | 起点 [全量]
  -> 共检出 90 条异常事件，准备写入数据库...
  -> 写入完成！

[11:33:27] 开始分析: 建筑 [Bull_lodging_Melissa] | 表计 [chilledwater] | 起点 [全量]
  -> 共检出 92 条异常事件，准备写入数据库...
  -> 写入完成！

[11:33:27] 开始分析: 建筑 [Bull_lodging_Melissa] | 表计 [electricity] | 起点 [全量]
  -> 共检出 107 条异常事件，准备写入数据库...
  -> 写入完成！

[11:33:27] 开始分析: 建筑 [Bull_lodging_Melissa] | 表计 [steam] | 起点 [全量]
  -> 共检出 134 条异常事件，准备写入数据库...
  -> 写入完成！

[11:33:27] 开始分析: 建筑 [Bull_lodging_Perry] | 表计 [chilledwater] | 起点 [全量]
  -> 共检出 95 条异常事件，准备写入数据库...
  -> 写入完成！

[11:33:28] 开始分析: 建筑 [Bull_lodging_Perry] | 表计 [electricity] | 起点 [全量]
  -> 共检出 108 条异常事件，准备写入数据库...
  -> 写入完成！

[11:33:28] 开始分析: 建筑 [Bull_lodging_Perry] | 表计 [steam] | 起点 [全量]
  -> 共检出 94 条异常事件，准备写入数据库...
  -> 写入完成！

[11:33:28] 开始分析: 建筑 [Bull_lodging_Terence] | 表计 [chilledwater] | 起点 [全量]
  -> 共检出 96 条异常事件，准备写入数据库...
  -> 写入完成！

[11:33:28] 开始分析: 建筑 [Bull_lodging_Terence] | 表计 [electricity] | 起点 [全量]
  -> 共检出 109 条异常事件，准备写入数据库...
  -> 写入完成！

[11:33:29] 开始分析: 建筑 [Bull_lodging_Terence] | 表计 [steam] | 起点 [全量]